Using pre-set license
Built from '2022.3/staging' branch; Version is '2022.3.6f1 (b9e6e7e9fa2d) revision 12183271'; Using compiler version '192829333'; Build Type 'Release'
OS: 'Windows 11  (10.0.22631) 64bit Professional' Language: 'uk' Physical Memory: 24428 MB
BatchMode: 1, IsHumanControllingUs: 0, StartBugReporterOnCrash: 0, Is64bit: 1, IsPro: 1

COMMAND LINE ARGUMENTS:
D:\Unity 2022.3.6f1\Editor\Unity.exe
-adb2
-batchMode
-noUpm
-name
AssetImportWorker0
-projectPath
D:/SecretProject/secretproject/SecretProject
-logFile
Logs/AssetImportWorker0.log
-srvPort
63279
Successfully changed project path to: D:/SecretProject/secretproject/SecretProject
D:/SecretProject/secretproject/SecretProject
[UnityMemory] Configuration Parameters - Can be set up in boot.config
    "memorysetup-bucket-allocator-granularity=16"
    "memorysetup-bucket-allocator-bucket-count=8"
    "memorysetup-bucket-allocator-block-size=33554432"
    "memorysetup-bucket-allocator-block-count=8"
    "memorysetup-main-allocator-block-size=16777216"
    "memorysetup-thread-allocator-block-size=16777216"
    "memorysetup-gfx-main-allocator-block-size=16777216"
    "memorysetup-gfx-thread-allocator-block-size=16777216"
    "memorysetup-cache-allocator-block-size=4194304"
    "memorysetup-typetree-allocator-block-size=2097152"
    "memorysetup-profiler-bucket-allocator-granularity=16"
    "memorysetup-profiler-bucket-allocator-bucket-count=8"
    "memorysetup-profiler-bucket-allocator-block-size=33554432"
    "memorysetup-profiler-bucket-allocator-block-count=8"
    "memorysetup-profiler-allocator-block-size=16777216"
    "memorysetup-profiler-editor-allocator-block-size=1048576"
    "memorysetup-temp-allocator-size-main=16777216"
    "memorysetup-job-temp-allocator-block-size=2097152"
    "memorysetup-job-temp-allocator-block-size-background=1048576"
    "memorysetup-job-temp-allocator-reduction-small-platforms=262144"
    "memorysetup-allocator-temp-initial-block-size-main=262144"
    "memorysetup-allocator-temp-initial-block-size-worker=262144"
    "memorysetup-temp-allocator-size-background-worker=32768"
    "memorysetup-temp-allocator-size-job-worker=262144"
    "memorysetup-temp-allocator-size-preload-manager=33554432"
    "memorysetup-temp-allocator-size-nav-mesh-worker=65536"
    "memorysetup-temp-allocator-size-audio-worker=65536"
    "memorysetup-temp-allocator-size-cloud-worker=32768"
    "memorysetup-temp-allocator-size-gi-baking-worker=262144"
    "memorysetup-temp-allocator-size-gfx=262144"
Player connection [2596] Host "[IP] 172.20.16.1 [Port] 0 [Flags] 2 [Guid] 3765427619 [EditorId] 3765427619 [Version] 1048832 [Id] WindowsEditor(7,Asus-PC) [Debug] 1 [PackageName] WindowsEditor [ProjectName] Editor" joined multi-casting on [225.0.0.222:54997]...

Player connection [2596] Host "[IP] 172.20.16.1 [Port] 0 [Flags] 2 [Guid] 3765427619 [EditorId] 3765427619 [Version] 1048832 [Id] WindowsEditor(7,Asus-PC) [Debug] 1 [PackageName] WindowsEditor [ProjectName] Editor" joined alternative multi-casting on [225.0.0.222:34997]...

Refreshing native plugins compatible for Editor in 6.46 ms, found 3 plugins.
Preloading 0 native plugins for Editor in 0.00 ms.
Initialize engine version: 2022.3.6f1 (b9e6e7e9fa2d)
[Subsystems] Discovering subsystems at path D:/Unity 2022.3.6f1/Editor/Data/Resources/UnitySubsystems
[Subsystems] Discovering subsystems at path D:/SecretProject/secretproject/SecretProject/Assets
GfxDevice: creating device client; threaded=0; jobified=0
Direct3D:
    Version:  Direct3D 11.0 [level 11.1]
    Renderer: NVIDIA GeForce GTX 1650 (ID=0x1f91)
    Vendor:   NVIDIA
    VRAM:     3962 MB
    Driver:   30.0.15.1278
Initialize mono
Mono path[0] = 'D:/Unity 2022.3.6f1/Editor/Data/Managed'
Mono path[1] = 'D:/Unity 2022.3.6f1/Editor/Data/MonoBleedingEdge/lib/mono/unityjit-win32'
Mono config path = 'D:/Unity 2022.3.6f1/Editor/Data/MonoBleedingEdge/etc'
Using monoOptions --debugger-agent=transport=dt_socket,embedding=1,server=y,suspend=n,address=127.0.0.1:56416
Begin MonoManager ReloadAssembly
Registering precompiled unity dll's ...
Register platform support module: D:/Unity 2022.3.6f1/Editor/Data/PlaybackEngines/WindowsStandaloneSupport/UnityEditor.WindowsStandalone.Extensions.dll
Registered in 0.005211 seconds.
- Loaded All Assemblies, in  0.343 seconds
Native extension for WindowsStandalone target not found
Mono: successfully reloaded assembly
- Finished resetting the current domain, in  0.270 seconds
Domain Reload Profiling: 611ms
	BeginReloadAssembly (84ms)
		ExecutionOrderSort (0ms)
		DisableScriptedObjects (0ms)
		BackupInstance (0ms)
		ReleaseScriptingObjects (0ms)
		CreateAndSetChildDomain (1ms)
	RebuildCommonClasses (39ms)
	RebuildNativeTypeToScriptingClass (14ms)
	initialDomainReloadingComplete (55ms)
	LoadAllAssembliesAndSetupDomain (149ms)
		LoadAssemblies (82ms)
		RebuildTransferFunctionScriptingTraits (0ms)
		AnalyzeDomain (144ms)
			TypeCache.Refresh (143ms)
				TypeCache.ScanAssembly (131ms)
			ScanForSourceGeneratedMonoScriptInfo (0ms)
			ResolveRequiredComponents (0ms)
	FinalizeReload (270ms)
		ReleaseScriptCaches (0ms)
		RebuildScriptCaches (0ms)
		SetupLoadedEditorAssemblies (211ms)
			LogAssemblyErrors (0ms)
			InitializePlatformSupportModulesInManaged (8ms)
			SetLoadedEditorAssemblies (8ms)
			RefreshPlugins (0ms)
			BeforeProcessingInitializeOnLoad (2ms)
			ProcessInitializeOnLoadAttributes (146ms)
			ProcessInitializeOnLoadMethodAttributes (47ms)
			AfterProcessingInitializeOnLoad (0ms)
			EditorAssembliesLoaded (0ms)
		ExecutionOrderSort2 (0ms)
		AwakeInstancesAfterBackupRestoration (0ms)
========================================================================
Worker process is ready to serve import requests
Begin MonoManager ReloadAssembly
Symbol file LoadedFromMemory doesn't match image D:\SecretProject\secretproject\SecretProject\Library\PackageCache\com.unity.visualscripting@1.8.0\Editor\VisualScripting.Core\Dependencies\YamlDotNet\Unity.VisualScripting.YamlDotNet.dll
Symbol file LoadedFromMemory doesn't match image D:\SecretProject\secretproject\SecretProject\Library\PackageCache\com.unity.visualscripting@1.8.0\Editor\VisualScripting.Core\Dependencies\DotNetZip\Unity.VisualScripting.IonicZip.dll
- Loaded All Assemblies, in  0.679 seconds
Refreshing native plugins compatible for Editor in 2.57 ms, found 3 plugins.
Native extension for WindowsStandalone target not found
Package Manager log level set to [2]
[Package Manager] Server::EnsureServerProcessIsRunning -- launch failed, reason: Unity was launched with the -noUpm command-line argument
[Package Manager] UpmClient::Send -- Unable to send message (not connected to UPM process).
[Package Manager] Cannot connect to Unity Package Manager local server
Mono: successfully reloaded assembly
- Finished resetting the current domain, in  0.538 seconds
Domain Reload Profiling: 1215ms
	BeginReloadAssembly (123ms)
		ExecutionOrderSort (0ms)
		DisableScriptedObjects (6ms)
		BackupInstance (0ms)
		ReleaseScriptingObjects (0ms)
		CreateAndSetChildDomain (19ms)
	RebuildCommonClasses (34ms)
	RebuildNativeTypeToScriptingClass (16ms)
	initialDomainReloadingComplete (40ms)
	LoadAllAssembliesAndSetupDomain (464ms)
		LoadAssemblies (228ms)
		RebuildTransferFunctionScriptingTraits (0ms)
		AnalyzeDomain (293ms)
			TypeCache.Refresh (276ms)
				TypeCache.ScanAssembly (264ms)
			ScanForSourceGeneratedMonoScriptInfo (13ms)
			ResolveRequiredComponents (4ms)
	FinalizeReload (538ms)
		ReleaseScriptCaches (0ms)
		RebuildScriptCaches (0ms)
		SetupLoadedEditorAssemblies (390ms)
			LogAssemblyErrors (0ms)
			InitializePlatformSupportModulesInManaged (5ms)
			SetLoadedEditorAssemblies (5ms)
			RefreshPlugins (0ms)
			BeforeProcessingInitializeOnLoad (64ms)
			ProcessInitializeOnLoadAttributes (292ms)
			ProcessInitializeOnLoadMethodAttributes (18ms)
			AfterProcessingInitializeOnLoad (6ms)
			EditorAssembliesLoaded (0ms)
		ExecutionOrderSort2 (0ms)
		AwakeInstancesAfterBackupRestoration (7ms)
Launched and connected shader compiler UnityShaderCompiler.exe after 0.04 seconds
Refreshing native plugins compatible for Editor in 3.49 ms, found 3 plugins.
Preloading 0 native plugins for Editor in 0.00 ms.
Unloading 3078 Unused Serialized files (Serialized files now loaded: 0)
Unloading 31 unused Assets / (56.8 KB). Loaded Objects now: 3561.
Memory consumption went from 126.5 MB to 126.5 MB.
Total: 2.850600 ms (FindLiveObjects: 0.234200 ms CreateObjectMapping: 0.179600 ms MarkObjects: 2.344000 ms  DeleteObjects: 0.091800 ms)

AssetImportParameters requested are different than current active one (requested -> active):
  custom:container-demuxer-ogg: 62fdf1f143b41e24485cea50d1cbac27 -> 
  custom:video-decoder-ogg-theora: a1e56fd34408186e4bbccfd4996cb3dc -> 
  custom:framework-win-MediaFoundation: 216162199b28c13a410421893ffa2e32 -> 
  custom:CustomObjectIndexerAttribute: 756ad292c208cfabdd7b50bc23989ffe -> 
  custom:container-demuxer-webm: 4f35f7cbe854078d1ac9338744f61a02 -> 
  custom:container-muxer-webm: aa71ff27fc2769a1b78a27578f13a17b -> 
  custom:video-decoder-webm-vp8: 9c59270c3fd7afecdb556c50c9e8de78 -> 
  custom:SearchIndexIgnoredProperties: e643bd26f0fe6173181afceb89e7c659 -> 
  custom:AudioImporter_EditorPlatform: d09bf68614088b80899f8185d706f6e7 -> 
  custom:video-encoder-webm-vp8: eb34c28f22e8b96e1ab97ce403110664 -> 
  custom:audio-decoder-ogg-vorbis: bf7c407c2cedff20999df2af8eb42d56 -> 
  custom:audio-encoder-webm-vorbis: bf7c407c2cedff20999df2af8eb42d56 -> 
========================================================================
Received Import Request.
  Time since last request: 90267.549264 seconds.
  path: Assets/Darth_Artisan/Free_Trees/Prefabs/Fir_Tree.prefab
  artifactKey: Guid(19682540d8a014522a319b1cf788aee2) Importer(815301076,1909f56bfc062723c751e8b465ee728b)
Start importing Assets/Darth_Artisan/Free_Trees/Prefabs/Fir_Tree.prefab using Guid(19682540d8a014522a319b1cf788aee2) Importer(815301076,1909f56bfc062723c751e8b465ee728b)  -> (artifact id: '363e201f80c9aaa707bf53293194d848') in 0.106215 seconds
Number of updated asset objects reloaded before import = 0
Number of asset objects unloaded after import = 9
========================================================================
Received Import Request.
  Time since last request: 0.000055 seconds.
  path: Assets/Darth_Artisan/Free_Trees/Prefabs/Palm_Tree.prefab
  artifactKey: Guid(c6b7fb383a3534b039692b5485b6e739) Importer(815301076,1909f56bfc062723c751e8b465ee728b)
Start importing Assets/Darth_Artisan/Free_Trees/Prefabs/Palm_Tree.prefab using Guid(c6b7fb383a3534b039692b5485b6e739) Importer(815301076,1909f56bfc062723c751e8b465ee728b)  -> (artifact id: '6251a17733abe9c9fda6d52f73391b01') in 0.019007 seconds
Number of updated asset objects reloaded before import = 0
Number of asset objects unloaded after import = 9
========================================================================
Received Import Request.
  Time since last request: 493.826052 seconds.
  path: Assets/LowlyPoly/Stylized Grass Texture/Materials/NewLayer.terrainlayer
  artifactKey: Guid(9a7dcff9fd656a349844f0c8da48ddbe) Importer(815301076,1909f56bfc062723c751e8b465ee728b)
Start importing Assets/LowlyPoly/Stylized Grass Texture/Materials/NewLayer.terrainlayer using Guid(9a7dcff9fd656a349844f0c8da48ddbe) Importer(815301076,1909f56bfc062723c751e8b465ee728b)  -> (artifact id: '3ed14cc43ac94417d8cf6c4d52e731cc') in 0.033055 seconds
Number of updated asset objects reloaded before import = 0
Number of asset objects unloaded after import = 2
========================================================================
Received Import Request.
  Time since last request: 3.552158 seconds.
  path: Assets/Sand textures pack/Sand 01/Sand pattern 01.mat
  artifactKey: Guid(aefa62ee04789e745b9c2b7d23a21e67) Importer(815301076,1909f56bfc062723c751e8b465ee728b)
Start importing Assets/Sand textures pack/Sand 01/Sand pattern 01.mat using Guid(aefa62ee04789e745b9c2b7d23a21e67) Importer(815301076,1909f56bfc062723c751e8b465ee728b)  -> (artifact id: 'c183372acde20c8f6d732d55fee9e941') in 0.241856 seconds
Number of updated asset objects reloaded before import = 0
Number of asset objects unloaded after import = 3
========================================================================
Received Import Request.
  Time since last request: 55.181526 seconds.
  path: Assets/Darth_Artisan/Free_Trees/Scenes
  artifactKey: Guid(98e0572031ebf4a8aa53dbb5267597f0) Importer(815301076,1909f56bfc062723c751e8b465ee728b)
Start importing Assets/Darth_Artisan/Free_Trees/Scenes using Guid(98e0572031ebf4a8aa53dbb5267597f0) Importer(815301076,1909f56bfc062723c751e8b465ee728b)  -> (artifact id: '6a2b1c25b7d9aba80b0c40c7c184de0c') in 0.000802 seconds
Number of updated asset objects reloaded before import = 0
Number of asset objects unloaded after import = 0
========================================================================
Received Import Request.
  Time since last request: 4.087183 seconds.
  path: Assets/Darth_Artisan/Free_Trees/Meshes/Materials
  artifactKey: Guid(d40899a84663b4ed1885d99c68c31518) Importer(815301076,1909f56bfc062723c751e8b465ee728b)
Start importing Assets/Darth_Artisan/Free_Trees/Meshes/Materials using Guid(d40899a84663b4ed1885d99c68c31518) Importer(815301076,1909f56bfc062723c751e8b465ee728b)  -> (artifact id: '0aa337e678385626bcf875ba0ef6ac8e') in 0.000623 seconds
Number of updated asset objects reloaded before import = 0
Number of asset objects unloaded after import = 0
========================================================================
Received Import Request.
  Time since last request: 0.071008 seconds.
  path: Assets/Darth_Artisan/Free_Trees/Meshes/Materials/Free_Tree.mat
  artifactKey: Guid(af65c0942482e46aeb256506726ff0f7) Importer(815301076,1909f56bfc062723c751e8b465ee728b)
Start importing Assets/Darth_Artisan/Free_Trees/Meshes/Materials/Free_Tree.mat using Guid(af65c0942482e46aeb256506726ff0f7) Importer(815301076,1909f56bfc062723c751e8b465ee728b)  -> (artifact id: 'a6925f2d8e364939980d948551d3e449') in 0.029874 seconds
Number of updated asset objects reloaded before import = 0
Number of asset objects unloaded after import = 2
========================================================================
Received Import Request.
  Time since last request: 12.364563 seconds.
  path: Assets/materials/head.mat
  artifactKey: Guid(0af984732928cd749bccbebbbff0cc9c) Importer(815301076,1909f56bfc062723c751e8b465ee728b)
Start importing Assets/materials/head.mat using Guid(0af984732928cd749bccbebbbff0cc9c) Importer(815301076,1909f56bfc062723c751e8b465ee728b)  -> (artifact id: 'ae527fd6722103c87795a18175ada23a') in 0.026407 seconds
Number of updated asset objects reloaded before import = 0
Number of asset objects unloaded after import = 1
========================================================================
Received Import Request.
  Time since last request: 1105.411689 seconds.
  path: Assets/Darth_Artisan/Free_Trees/Meshes/Fir_Tree.fbx
  artifactKey: Guid(d7ad634caa1c049d49b730cc6d29c683) Importer(815301076,1909f56bfc062723c751e8b465ee728b)
Start importing Assets/Darth_Artisan/Free_Trees/Meshes/Fir_Tree.fbx using Guid(d7ad634caa1c049d49b730cc6d29c683) Importer(815301076,1909f56bfc062723c751e8b465ee728b)  -> (artifact id: 'f856deb128ac8c75493619c1e339c789') in 0.052356 seconds
Number of updated asset objects reloaded before import = 0
Number of asset objects unloaded after import = 8
========================================================================
Received Import Request.
  Time since last request: 0.000023 seconds.
  path: Assets/Darth_Artisan/Free_Trees/Meshes/Poplar_Tree.fbx
  artifactKey: Guid(186ad8f063dbf430da4d56ebc0cb14e0) Importer(815301076,1909f56bfc062723c751e8b465ee728b)
Start importing Assets/Darth_Artisan/Free_Trees/Meshes/Poplar_Tree.fbx using Guid(186ad8f063dbf430da4d56ebc0cb14e0) Importer(815301076,1909f56bfc062723c751e8b465ee728b)  -> (artifact id: 'c7706ad0472859a6678b43f20fbe3f5b') in 0.037432 seconds
Number of updated asset objects reloaded before import = 0
Number of asset objects unloaded after import = 8
========================================================================
Received Import Request.
  Time since last request: 4.050765 seconds.
  path: Assets/Free Pack Wooden Planks/Materials/Free Wood 1.mat
  artifactKey: Guid(bf4253b1d32263e42a8c16b141167146) Importer(815301076,1909f56bfc062723c751e8b465ee728b)
Start importing Assets/Free Pack Wooden Planks/Materials/Free Wood 1.mat using Guid(bf4253b1d32263e42a8c16b141167146) Importer(815301076,1909f56bfc062723c751e8b465ee728b)  -> (artifact id: '403c58b989869b66e90f1530c85710da') in 0.329915 seconds
Number of updated asset objects reloaded before import = 0
Number of asset objects unloaded after import = 6
========================================================================
Received Import Request.
  Time since last request: 0.000018 seconds.
  path: Assets/Free Pack Wooden Planks/Materials/Free Wood 3.mat
  artifactKey: Guid(0724a0ee7c9061e40a0a89b13de914c9) Importer(815301076,1909f56bfc062723c751e8b465ee728b)
Start importing Assets/Free Pack Wooden Planks/Materials/Free Wood 3.mat using Guid(0724a0ee7c9061e40a0a89b13de914c9) Importer(815301076,1909f56bfc062723c751e8b465ee728b)  -> (artifact id: 'c8ac6b406863628d7689a3be3eed0b20') in 0.023564 seconds
Number of updated asset objects reloaded before import = 0
Number of asset objects unloaded after import = 6
========================================================================
Received Import Request.
  Time since last request: 2.549045 seconds.
  path: Assets/Free Pack Wooden Planks/Textures/Wood Planks1/Wood_Planks_Free_ambientocclusion.tga
  artifactKey: Guid(9ea7ea818b27c8049aceefea2aebd1db) Importer(815301076,1909f56bfc062723c751e8b465ee728b)
Start importing Assets/Free Pack Wooden Planks/Textures/Wood Planks1/Wood_Planks_Free_ambientocclusion.tga using Guid(9ea7ea818b27c8049aceefea2aebd1db) Importer(815301076,1909f56bfc062723c751e8b465ee728b)  -> (artifact id: 'ce1176769229e9885e53716d0aa3e91e') in 0.027299 seconds
Number of updated asset objects reloaded before import = 0
Number of asset objects unloaded after import = 2
========================================================================
Received Import Request.
  Time since last request: 0.000116 seconds.
  path: Assets/Free Pack Wooden Planks/Textures/Wood Planks1/Wood_Planks_Free_height.tga
  artifactKey: Guid(96e5272e1e4549c46be13108f0472928) Importer(815301076,1909f56bfc062723c751e8b465ee728b)
Start importing Assets/Free Pack Wooden Planks/Textures/Wood Planks1/Wood_Planks_Free_height.tga using Guid(96e5272e1e4549c46be13108f0472928) Importer(815301076,1909f56bfc062723c751e8b465ee728b)  -> (artifact id: '8cae6d414bb757f039c4068f17d87cca') in 0.018400 seconds
Number of updated asset objects reloaded before import = 0
Number of asset objects unloaded after import = 2
========================================================================
Received Import Request.
  Time since last request: 465.737037 seconds.
  path: Assets/materials/lampa.mat
  artifactKey: Guid(ea438c67df104c04fa09f3c44bdcbb4d) Importer(815301076,1909f56bfc062723c751e8b465ee728b)
Start importing Assets/materials/lampa.mat using Guid(ea438c67df104c04fa09f3c44bdcbb4d) Importer(815301076,1909f56bfc062723c751e8b465ee728b)  -> (artifact id: '20591ced7723b04aaec74746043ff9b9') in 0.019379 seconds
Number of updated asset objects reloaded before import = 0
Number of asset objects unloaded after import = 1
========================================================================
Received Import Request.
  Time since last request: 182.834737 seconds.
  path: Assets/materials/PhisicsMaterial.physicMaterial
  artifactKey: Guid(645c989d81670694fb9a53151282f2ef) Importer(815301076,1909f56bfc062723c751e8b465ee728b)
Start importing Assets/materials/PhisicsMaterial.physicMaterial using Guid(645c989d81670694fb9a53151282f2ef) Importer(815301076,1909f56bfc062723c751e8b465ee728b)  -> (artifact id: '3c1879b4aca2f3ef8b6979e90d9d103f') in 0.000934 seconds
Number of updated asset objects reloaded before import = 0
Number of asset objects unloaded after import = 1
========================================================================
Received Prepare
Begin MonoManager ReloadAssembly
Symbol file LoadedFromMemory doesn't match image D:\SecretProject\secretproject\SecretProject\Library\PackageCache\com.unity.visualscripting@1.8.0\Editor\VisualScripting.Core\Dependencies\YamlDotNet\Unity.VisualScripting.YamlDotNet.dll
Symbol file LoadedFromMemory doesn't match image D:\SecretProject\secretproject\SecretProject\Library\PackageCache\com.unity.visualscripting@1.8.0\Editor\VisualScripting.Core\Dependencies\DotNetZip\Unity.VisualScripting.IonicZip.dll
- Loaded All Assemblies, in  3.888 seconds
Refreshing native plugins compatible for Editor in 3.13 ms, found 3 plugins.
Native extension for WindowsStandalone target not found
[Package Manager] Server::EnsureServerProcessIsRunning -- launch failed, reason: Unity was launched with the -noUpm command-line argument
[Package Manager] UpmClient::Send -- Unable to send message (not connected to UPM process).
[Package Manager] Cannot connect to Unity Package Manager local server
Mono: successfully reloaded assembly
- Finished resetting the current domain, in  9.923 seconds
Domain Reload Profiling: 13809ms
	BeginReloadAssembly (153ms)
		ExecutionOrderSort (0ms)
		DisableScriptedObjects (5ms)
		BackupInstance (0ms)
		ReleaseScriptingObjects (0ms)
		CreateAndSetChildDomain (41ms)
	RebuildCommonClasses (40ms)
	RebuildNativeTypeToScriptingClass (12ms)
	initialDomainReloadingComplete (31ms)
	LoadAllAssembliesAndSetupDomain (3649ms)
		LoadAssemblies (2896ms)
		RebuildTransferFunctionScriptingTraits (0ms)
		AnalyzeDomain (820ms)
			TypeCache.Refresh (815ms)
				TypeCache.ScanAssembly (741ms)
			ScanForSourceGeneratedMonoScriptInfo (0ms)
			ResolveRequiredComponents (6ms)
	FinalizeReload (9923ms)
		ReleaseScriptCaches (0ms)
		RebuildScriptCaches (0ms)
		SetupLoadedEditorAssemblies (472ms)
			LogAssemblyErrors (0ms)
			InitializePlatformSupportModulesInManaged (5ms)
			SetLoadedEditorAssemblies (6ms)
			RefreshPlugins (0ms)
			BeforeProcessingInitializeOnLoad (74ms)
			ProcessInitializeOnLoadAttributes (354ms)
			ProcessInitializeOnLoadMethodAttributes (26ms)
			AfterProcessingInitializeOnLoad (7ms)
			EditorAssembliesLoaded (0ms)
		ExecutionOrderSort2 (0ms)
		AwakeInstancesAfterBackupRestoration (9ms)
Refreshing native plugins compatible for Editor in 3.61 ms, found 3 plugins.
Preloading 0 native plugins for Editor in 0.00 ms.
Unloading 3070 Unused Serialized files (Serialized files now loaded: 0)
Unloading 22 unused Assets / (30.6 KB). Loaded Objects now: 3614.
Memory consumption went from 131.3 MB to 131.3 MB.
Total: 4.732200 ms (FindLiveObjects: 0.371200 ms CreateObjectMapping: 0.469400 ms MarkObjects: 3.838700 ms  DeleteObjects: 0.051900 ms)

Prepare: number of updated asset objects reloaded= 0
AssetImportParameters requested are different than current active one (requested -> active):
  custom:container-demuxer-ogg: 62fdf1f143b41e24485cea50d1cbac27 -> 
  custom:video-decoder-ogg-theora: a1e56fd34408186e4bbccfd4996cb3dc -> 
  custom:framework-win-MediaFoundation: 216162199b28c13a410421893ffa2e32 -> 
  custom:CustomObjectIndexerAttribute: 756ad292c208cfabdd7b50bc23989ffe -> 
  custom:container-demuxer-webm: 4f35f7cbe854078d1ac9338744f61a02 -> 
  custom:container-muxer-webm: aa71ff27fc2769a1b78a27578f13a17b -> 
  custom:video-decoder-webm-vp8: 9c59270c3fd7afecdb556c50c9e8de78 -> 
  custom:SearchIndexIgnoredProperties: e643bd26f0fe6173181afceb89e7c659 -> 
  custom:AudioImporter_EditorPlatform: d09bf68614088b80899f8185d706f6e7 -> 
  custom:video-encoder-webm-vp8: eb34c28f22e8b96e1ab97ce403110664 -> 
  custom:audio-decoder-ogg-vorbis: bf7c407c2cedff20999df2af8eb42d56 -> 
  custom:audio-encoder-webm-vorbis: bf7c407c2cedff20999df2af8eb42d56 -> 
========================================================================
Received Import Request.
  Time since last request: 357.164189 seconds.
  path: Assets/materials/lampa.mat
  artifactKey: Guid(ea438c67df104c04fa09f3c44bdcbb4d) Importer(815301076,1909f56bfc062723c751e8b465ee728b)
Start importing Assets/materials/lampa.mat using Guid(ea438c67df104c04fa09f3c44bdcbb4d) Importer(815301076,1909f56bfc062723c751e8b465ee728b)  -> (artifact id: '04352911d7770ce8b79465e760ccfb06') in 0.097197 seconds
Number of updated asset objects reloaded before import = 0
Number of asset objects unloaded after import = 1
